0 verbose cli /usr/local/bin/node /usr/local/bin/npm
1 info using npm@11.4.2
2 info using node@v24.4.1
3 silly config load:file:/usr/local/lib/node_modules/npm/npmrc
4 silly config load:file:/Users/avows/Documents/trial/webfolio/.npmrc
5 silly config load:file:/Users/avows/.npmrc
6 silly config load:file:/usr/local/etc/npmrc
7 verbose title npm install next@latest react@latest react-dom@latest
8 verbose argv "install" "next@latest" "react@latest" "react-dom@latest" "--legacy-peer-deps" "--cache" "./.npm-cache"
9 verbose logfile logs-max:10 dir:/Users/avows/Documents/trial/webfolio/.npm-cache/_logs/2025-12-16T07_05_07_113Z-
10 verbose logfile /Users/avows/Documents/trial/webfolio/.npm-cache/_logs/2025-12-16T07_05_07_113Z-debug-0.log
11 silly logfile done cleaning log files
12 silly packumentCache heap:2348810240 maxSize:587202560 maxEntrySize:293601280
13 silly packumentCache corgi:https://registry.npmjs.org/next cache-miss
14 silly packumentCache corgi:https://registry.npmjs.org/react cache-miss
15 silly packumentCache corgi:https://registry.npmjs.org/react-dom cache-miss
16 http fetch GET 200 https://registry.npmjs.org/react 327ms (cache miss)
17 silly packumentCache corgi:https://registry.npmjs.org/react set size:undefined disposed:false
18 http fetch GET 200 https://registry.npmjs.org/react-dom 335ms (cache miss)
19 silly packumentCache corgi:https://registry.npmjs.org/react-dom set size:undefined disposed:false
20 http fetch GET 200 https://registry.npmjs.org/npm 437ms
21 http fetch GET 200 https://registry.npmjs.org/next 623ms (cache miss)
22 silly packumentCache corgi:https://registry.npmjs.org/next set size:undefined disposed:false
23 silly idealTree buildDeps
24 silly fetch manifest next@16.0.10
25 silly packumentCache full:https://registry.npmjs.org/next cache-miss
26 http fetch GET 200 https://registry.npmjs.org/next 446ms (cache miss)
27 silly packumentCache full:https://registry.npmjs.org/next set size:undefined disposed:false
28 silly fetch manifest react@19.2.3
29 silly packumentCache full:https://registry.npmjs.org/react cache-miss
30 http fetch GET 200 https://registry.npmjs.org/react 186ms (cache miss)
31 silly packumentCache full:https://registry.npmjs.org/react set size:undefined disposed:false
32 silly fetch manifest react-dom@19.2.3
33 silly packumentCache full:https://registry.npmjs.org/react-dom cache-miss
34 http fetch GET 200 https://registry.npmjs.org/react-dom 162ms (cache miss)
35 silly packumentCache full:https://registry.npmjs.org/react-dom set size:undefined disposed:false
36 silly placeDep ROOT next@16.0.10 REPLACE for: webfolio@0.1.0 want: 16.0.10
37 silly placeDep ROOT react@19.2.3 REPLACE for: webfolio@0.1.0 want: 19.2.3
38 silly placeDep ROOT react-dom@19.2.3 REPLACE for: webfolio@0.1.0 want: 19.2.3
39 silly fetch manifest @next/env@16.0.10
40 silly packumentCache full:https://registry.npmjs.org/@next%2fenv cache-miss
41 silly fetch manifest sharp@^0.34.4
42 silly packumentCache full:https://registry.npmjs.org/sharp cache-miss
43 silly fetch manifest @next/swc-darwin-x64@16.0.10
44 silly packumentCache full:https://registry.npmjs.org/@next%2fswc-darwin-x64 cache-miss
45 silly fetch manifest @next/swc-darwin-arm64@16.0.10
46 silly packumentCache full:https://registry.npmjs.org/@next%2fswc-darwin-arm64 cache-miss
47 silly fetch manifest @next/swc-linux-x64-gnu@16.0.10
48 silly packumentCache full:https://registry.npmjs.org/@next%2fswc-linux-x64-gnu cache-miss
49 silly fetch manifest @next/swc-linux-x64-musl@16.0.10
50 silly packumentCache full:https://registry.npmjs.org/@next%2fswc-linux-x64-musl cache-miss
51 silly fetch manifest @next/swc-win32-x64-msvc@16.0.10
52 silly packumentCache full:https://registry.npmjs.org/@next%2fswc-win32-x64-msvc cache-miss
53 http fetch GET 200 https://registry.npmjs.org/sharp 44ms (cache miss)
54 silly packumentCache full:https://registry.npmjs.org/sharp set size:undefined disposed:false
55 silly fetch manifest @next/swc-linux-arm64-gnu@16.0.10
56 silly packumentCache full:https://registry.npmjs.org/@next%2fswc-linux-arm64-gnu cache-miss
57 http fetch GET 200 https://registry.npmjs.org/@next%2fswc-darwin-x64 277ms (cache miss)
58 silly packumentCache full:https://registry.npmjs.org/@next%2fswc-darwin-x64 set size:undefined disposed:false
59 silly fetch manifest @next/swc-linux-arm64-musl@16.0.10
60 silly packumentCache full:https://registry.npmjs.org/@next%2fswc-linux-arm64-musl cache-miss
61 http fetch GET 200 https://registry.npmjs.org/@next%2fswc-linux-x64-musl 459ms (cache miss)
62 silly packumentCache full:https://registry.npmjs.org/@next%2fswc-linux-x64-musl set size:undefined disposed:false
63 silly fetch manifest @next/swc-win32-arm64-msvc@16.0.10
64 silly packumentCache full:https://registry.npmjs.org/@next%2fswc-win32-arm64-msvc cache-miss
65 http fetch GET 200 https://registry.npmjs.org/@next%2fswc-linux-arm64-musl 239ms (cache miss)
66 silly packumentCache full:https://registry.npmjs.org/@next%2fswc-linux-arm64-musl set size:undefined disposed:false
67 silly fetch manifest scheduler@^0.27.0
68 silly packumentCache full:https://registry.npmjs.org/scheduler cache-miss
69 http fetch GET 200 https://registry.npmjs.org/@next%2fenv 651ms (cache miss)
70 silly packumentCache full:https://registry.npmjs.org/@next%2fenv set size:undefined disposed:false
71 http fetch GET 200 https://registry.npmjs.org/@next%2fswc-linux-arm64-gnu 781ms (cache miss)
72 silly packumentCache full:https://registry.npmjs.org/@next%2fswc-linux-arm64-gnu set size:undefined disposed:false
73 http fetch GET 200 https://registry.npmjs.org/@next%2fswc-linux-x64-gnu 847ms (cache miss)
74 silly packumentCache full:https://registry.npmjs.org/@next%2fswc-linux-x64-gnu set size:undefined disposed:false
75 http fetch GET 200 https://registry.npmjs.org/scheduler 321ms (cache miss)
76 silly packumentCache full:https://registry.npmjs.org/scheduler set size:undefined disposed:false
77 http fetch GET 200 https://registry.npmjs.org/@next%2fswc-win32-arm64-msvc 403ms (cache miss)
78 silly packumentCache full:https://registry.npmjs.org/@next%2fswc-win32-arm64-msvc set size:undefined disposed:false
79 http fetch GET 200 https://registry.npmjs.org/@next%2fswc-darwin-arm64 1069ms (cache miss)
80 silly packumentCache full:https://registry.npmjs.org/@next%2fswc-darwin-arm64 set size:undefined disposed:false
81 http fetch GET 200 https://registry.npmjs.org/@next%2fswc-win32-x64-msvc 1433ms (cache miss)
82 silly packumentCache full:https://registry.npmjs.org/@next%2fswc-win32-x64-msvc set size:undefined disposed:false
83 silly placeDep ROOT @next/env@16.0.10 OK for: next@16.0.10 want: 16.0.10
84 silly placeDep ROOT @next/swc-darwin-arm64@16.0.10 OK for: next@16.0.10 want: 16.0.10
85 silly placeDep ROOT @next/swc-darwin-x64@16.0.10 OK for: next@16.0.10 want: 16.0.10
86 silly placeDep ROOT @next/swc-linux-arm64-gnu@16.0.10 OK for: next@16.0.10 want: 16.0.10
87 silly placeDep ROOT @next/swc-linux-arm64-musl@16.0.10 OK for: next@16.0.10 want: 16.0.10
88 silly placeDep ROOT @next/swc-linux-x64-gnu@16.0.10 OK for: next@16.0.10 want: 16.0.10
89 silly placeDep ROOT @next/swc-linux-x64-musl@16.0.10 OK for: next@16.0.10 want: 16.0.10
90 silly placeDep ROOT @next/swc-win32-arm64-msvc@16.0.10 OK for: next@16.0.10 want: 16.0.10
91 silly placeDep ROOT @next/swc-win32-x64-msvc@16.0.10 OK for: next@16.0.10 want: 16.0.10
92 silly placeDep ROOT sharp@0.34.5 OK for: next@16.0.10 want: ^0.34.4
93 silly fetch manifest @img/colour@^1.0.0
94 silly packumentCache full:https://registry.npmjs.org/@img%2fcolour cache-miss
95 silly fetch manifest detect-libc@^2.1.2
96 silly packumentCache full:https://registry.npmjs.org/detect-libc cache-miss
97 silly fetch manifest semver@^7.7.3
98 silly packumentCache full:https://registry.npmjs.org/semver cache-miss
99 silly fetch manifest @img/sharp-darwin-arm64@0.34.5
100 silly packumentCache full:https://registry.npmjs.org/@img%2fsharp-darwin-arm64 cache-miss
101 silly fetch manifest @img/sharp-darwin-x64@0.34.5
102 silly packumentCache full:https://registry.npmjs.org/@img%2fsharp-darwin-x64 cache-miss
103 silly fetch manifest @img/sharp-libvips-darwin-arm64@1.2.4
104 silly packumentCache full:https://registry.npmjs.org/@img%2fsharp-libvips-darwin-arm64 cache-miss
105 silly fetch manifest @img/sharp-libvips-darwin-x64@1.2.4
106 silly packumentCache full:https://registry.npmjs.org/@img%2fsharp-libvips-darwin-x64 cache-miss
107 http fetch GET 200 https://registry.npmjs.org/semver 35ms (cache miss)
108 silly packumentCache full:https://registry.npmjs.org/semver set size:undefined disposed:false
109 silly fetch manifest @img/sharp-libvips-linux-arm@1.2.4
110 silly packumentCache full:https://registry.npmjs.org/@img%2fsharp-libvips-linux-arm cache-miss
111 http fetch GET 200 https://registry.npmjs.org/@img%2fcolour 37ms (cache miss)
112 silly packumentCache full:https://registry.npmjs.org/@img%2fcolour set size:undefined disposed:false
113 silly fetch manifest @img/sharp-libvips-linux-arm64@1.2.4
114 silly packumentCache full:https://registry.npmjs.org/@img%2fsharp-libvips-linux-arm64 cache-miss
115 http fetch GET 200 https://registry.npmjs.org/detect-libc 37ms (cache miss)
116 silly packumentCache full:https://registry.npmjs.org/detect-libc set size:undefined disposed:false
117 silly fetch manifest @img/sharp-libvips-linux-ppc64@1.2.4
118 silly packumentCache full:https://registry.npmjs.org/@img%2fsharp-libvips-linux-ppc64 cache-miss
119 http fetch GET 200 https://registry.npmjs.org/@img%2fsharp-darwin-x64 41ms (cache miss)
120 silly packumentCache full:https://registry.npmjs.org/@img%2fsharp-darwin-x64 set size:undefined disposed:false
121 silly fetch manifest @img/sharp-libvips-linux-riscv64@1.2.4
122 silly packumentCache full:https://registry.npmjs.org/@img%2fsharp-libvips-linux-riscv64 cache-miss
123 http fetch GET 200 https://registry.npmjs.org/@img%2fsharp-libvips-darwin-x64 42ms (cache miss)
124 silly packumentCache full:https://registry.npmjs.org/@img%2fsharp-libvips-darwin-x64 set size:undefined disposed:false
125 silly fetch manifest @img/sharp-libvips-linux-s390x@1.2.4
126 silly packumentCache full:https://registry.npmjs.org/@img%2fsharp-libvips-linux-s390x cache-miss
127 http fetch GET 200 https://registry.npmjs.org/@img%2fsharp-libvips-darwin-arm64 43ms (cache miss)
128 silly packumentCache full:https://registry.npmjs.org/@img%2fsharp-libvips-darwin-arm64 set size:undefined disposed:false
129 silly fetch manifest @img/sharp-libvips-linux-x64@1.2.4
130 silly packumentCache full:https://registry.npmjs.org/@img%2fsharp-libvips-linux-x64 cache-miss
131 http fetch GET 200 https://registry.npmjs.org/@img%2fsharp-libvips-linux-ppc64 32ms (cache miss)
132 silly packumentCache full:https://registry.npmjs.org/@img%2fsharp-libvips-linux-ppc64 set size:undefined disposed:false
133 silly fetch manifest @img/sharp-libvips-linuxmusl-arm64@1.2.4
134 silly packumentCache full:https://registry.npmjs.org/@img%2fsharp-libvips-linuxmusl-arm64 cache-miss
135 http fetch GET 200 https://registry.npmjs.org/@img%2fsharp-libvips-linux-arm64 36ms (cache miss)
136 silly packumentCache full:https://registry.npmjs.org/@img%2fsharp-libvips-linux-arm64 set size:undefined disposed:false
137 silly fetch manifest @img/sharp-libvips-linuxmusl-x64@1.2.4
138 silly packumentCache full:https://registry.npmjs.org/@img%2fsharp-libvips-linuxmusl-x64 cache-miss
139 http fetch GET 200 https://registry.npmjs.org/@img%2fsharp-libvips-linux-s390x 40ms (cache miss)
140 silly packumentCache full:https://registry.npmjs.org/@img%2fsharp-libvips-linux-s390x set size:undefined disposed:false
141 silly fetch manifest @img/sharp-linux-arm@0.34.5
142 silly packumentCache full:https://registry.npmjs.org/@img%2fsharp-linux-arm cache-miss
143 http fetch GET 200 https://registry.npmjs.org/@img%2fsharp-libvips-linux-riscv64 42ms (cache miss)
144 silly packumentCache full:https://registry.npmjs.org/@img%2fsharp-libvips-linux-riscv64 set size:undefined disposed:false
145 silly fetch manifest @img/sharp-linux-arm64@0.34.5
146 silly packumentCache full:https://registry.npmjs.org/@img%2fsharp-linux-arm64 cache-miss
147 http fetch GET 200 https://registry.npmjs.org/@img%2fsharp-libvips-linux-x64 41ms (cache miss)
148 silly packumentCache full:https://registry.npmjs.org/@img%2fsharp-libvips-linux-x64 set size:undefined disposed:false
149 silly fetch manifest @img/sharp-linux-ppc64@0.34.5
150 silly packumentCache full:https://registry.npmjs.org/@img%2fsharp-linux-ppc64 cache-miss
151 http fetch GET 200 https://registry.npmjs.org/@img%2fsharp-libvips-linuxmusl-x64 32ms (cache miss)
152 silly packumentCache full:https://registry.npmjs.org/@img%2fsharp-libvips-linuxmusl-x64 set size:undefined disposed:false
153 silly fetch manifest @img/sharp-linux-riscv64@0.34.5
154 silly packumentCache full:https://registry.npmjs.org/@img%2fsharp-linux-riscv64 cache-miss
155 http fetch GET 200 https://registry.npmjs.org/@img%2fsharp-libvips-linuxmusl-arm64 35ms (cache miss)
156 silly packumentCache full:https://registry.npmjs.org/@img%2fsharp-libvips-linuxmusl-arm64 set size:undefined disposed:false
157 silly fetch manifest @img/sharp-linux-s390x@0.34.5
158 silly packumentCache full:https://registry.npmjs.org/@img%2fsharp-linux-s390x cache-miss
159 http fetch GET 200 https://registry.npmjs.org/@img%2fsharp-linux-riscv64 32ms (cache miss)
160 silly packumentCache full:https://registry.npmjs.org/@img%2fsharp-linux-riscv64 set size:undefined disposed:false
161 silly fetch manifest @img/sharp-linux-x64@0.34.5
162 silly packumentCache full:https://registry.npmjs.org/@img%2fsharp-linux-x64 cache-miss
163 http fetch GET 200 https://registry.npmjs.org/@img%2fsharp-linux-s390x 33ms (cache miss)
164 silly packumentCache full:https://registry.npmjs.org/@img%2fsharp-linux-s390x set size:undefined disposed:false
165 silly fetch manifest @img/sharp-linuxmusl-arm64@0.34.5
166 silly packumentCache full:https://registry.npmjs.org/@img%2fsharp-linuxmusl-arm64 cache-miss
167 http fetch GET 200 https://registry.npmjs.org/@img%2fsharp-linux-ppc64 62ms (cache miss)
168 silly packumentCache full:https://registry.npmjs.org/@img%2fsharp-linux-ppc64 set size:undefined disposed:false
169 silly fetch manifest @img/sharp-linuxmusl-x64@0.34.5
170 silly packumentCache full:https://registry.npmjs.org/@img%2fsharp-linuxmusl-x64 cache-miss
171 http fetch GET 200 https://registry.npmjs.org/@img%2fsharp-linux-x64 39ms (cache miss)
172 silly packumentCache full:https://registry.npmjs.org/@img%2fsharp-linux-x64 set size:undefined disposed:false
173 silly fetch manifest @img/sharp-wasm32@0.34.5
174 silly packumentCache full:https://registry.npmjs.org/@img%2fsharp-wasm32 cache-miss
175 http fetch GET 200 https://registry.npmjs.org/@img%2fsharp-linuxmusl-x64 41ms (cache miss)
176 silly packumentCache full:https://registry.npmjs.org/@img%2fsharp-linuxmusl-x64 set size:undefined disposed:false
177 silly fetch manifest @img/sharp-win32-arm64@0.34.5
178 silly packumentCache full:https://registry.npmjs.org/@img%2fsharp-win32-arm64 cache-miss
179 http fetch GET 200 https://registry.npmjs.org/@img%2fsharp-wasm32 32ms (cache miss)
180 silly packumentCache full:https://registry.npmjs.org/@img%2fsharp-wasm32 set size:undefined disposed:false
181 silly fetch manifest @img/sharp-win32-ia32@0.34.5
182 silly packumentCache full:https://registry.npmjs.org/@img%2fsharp-win32-ia32 cache-miss
183 http fetch GET 200 https://registry.npmjs.org/@img%2fsharp-win32-arm64 38ms (cache miss)
184 silly packumentCache full:https://registry.npmjs.org/@img%2fsharp-win32-arm64 set size:undefined disposed:false
185 silly fetch manifest @img/sharp-win32-x64@0.34.5
186 silly packumentCache full:https://registry.npmjs.org/@img%2fsharp-win32-x64 cache-miss
187 http fetch GET 200 https://registry.npmjs.org/@img%2fsharp-darwin-arm64 240ms (cache miss)
188 silly packumentCache full:https://registry.npmjs.org/@img%2fsharp-darwin-arm64 set size:undefined disposed:false
189 http fetch GET 200 https://registry.npmjs.org/@img%2fsharp-win32-ia32 38ms (cache miss)
190 silly packumentCache full:https://registry.npmjs.org/@img%2fsharp-win32-ia32 set size:undefined disposed:false
191 http fetch GET 200 https://registry.npmjs.org/@img%2fsharp-win32-x64 40ms (cache miss)
192 silly packumentCache full:https://registry.npmjs.org/@img%2fsharp-win32-x64 set size:undefined disposed:false
193 http fetch GET 200 https://registry.npmjs.org/@img%2fsharp-linux-arm64 218ms (cache miss)
194 silly packumentCache full:https://registry.npmjs.org/@img%2fsharp-linux-arm64 set size:undefined disposed:false
195 http fetch GET 200 https://registry.npmjs.org/@img%2fsharp-linux-arm 226ms (cache miss)
196 silly packumentCache full:https://registry.npmjs.org/@img%2fsharp-linux-arm set size:undefined disposed:false
197 http fetch GET 200 https://registry.npmjs.org/@img%2fsharp-linuxmusl-arm64 217ms (cache miss)
198 silly packumentCache full:https://registry.npmjs.org/@img%2fsharp-linuxmusl-arm64 set size:undefined disposed:false
199 http fetch GET 200 https://registry.npmjs.org/@img%2fsharp-libvips-linux-arm 565ms (cache miss)
200 silly packumentCache full:https://registry.npmjs.org/@img%2fsharp-libvips-linux-arm set size:undefined disposed:false
201 silly placeDep ROOT scheduler@0.27.0 OK for: react-dom@19.2.3 want: ^0.27.0
202 silly placeDep ROOT @img/colour@1.0.0 OK for: sharp@0.34.5 want: ^1.0.0
203 silly placeDep ROOT @img/sharp-darwin-arm64@0.34.5 OK for: sharp@0.34.5 want: 0.34.5
204 silly placeDep ROOT @img/sharp-darwin-x64@0.34.5 OK for: sharp@0.34.5 want: 0.34.5
205 silly placeDep ROOT @img/sharp-libvips-darwin-arm64@1.2.4 OK for: sharp@0.34.5 want: 1.2.4
206 silly placeDep ROOT @img/sharp-libvips-darwin-x64@1.2.4 OK for: sharp@0.34.5 want: 1.2.4
207 silly placeDep ROOT @img/sharp-libvips-linux-arm@1.2.4 OK for: sharp@0.34.5 want: 1.2.4
208 silly placeDep ROOT @img/sharp-libvips-linux-arm64@1.2.4 OK for: sharp@0.34.5 want: 1.2.4
209 silly placeDep ROOT @img/sharp-libvips-linux-ppc64@1.2.4 OK for: sharp@0.34.5 want: 1.2.4
210 silly placeDep ROOT @img/sharp-libvips-linux-riscv64@1.2.4 OK for: sharp@0.34.5 want: 1.2.4
211 silly placeDep ROOT @img/sharp-libvips-linux-s390x@1.2.4 OK for: sharp@0.34.5 want: 1.2.4
212 silly placeDep ROOT @img/sharp-libvips-linux-x64@1.2.4 OK for: sharp@0.34.5 want: 1.2.4
213 silly placeDep ROOT @img/sharp-libvips-linuxmusl-arm64@1.2.4 OK for: sharp@0.34.5 want: 1.2.4
214 silly placeDep ROOT @img/sharp-libvips-linuxmusl-x64@1.2.4 OK for: sharp@0.34.5 want: 1.2.4
215 silly placeDep ROOT @img/sharp-linux-arm@0.34.5 OK for: sharp@0.34.5 want: 0.34.5
216 silly placeDep ROOT @img/sharp-linux-arm64@0.34.5 OK for: sharp@0.34.5 want: 0.34.5
217 silly placeDep ROOT @img/sharp-linux-ppc64@0.34.5 OK for: sharp@0.34.5 want: 0.34.5
218 silly placeDep ROOT @img/sharp-linux-riscv64@0.34.5 OK for: sharp@0.34.5 want: 0.34.5
219 silly placeDep ROOT @img/sharp-linux-s390x@0.34.5 OK for: sharp@0.34.5 want: 0.34.5
220 silly placeDep ROOT @img/sharp-linux-x64@0.34.5 OK for: sharp@0.34.5 want: 0.34.5
221 silly placeDep ROOT @img/sharp-linuxmusl-arm64@0.34.5 OK for: sharp@0.34.5 want: 0.34.5
222 silly placeDep ROOT @img/sharp-linuxmusl-x64@0.34.5 OK for: sharp@0.34.5 want: 0.34.5
223 silly placeDep ROOT @img/sharp-wasm32@0.34.5 OK for: sharp@0.34.5 want: 0.34.5
224 silly placeDep ROOT @img/sharp-win32-arm64@0.34.5 OK for: sharp@0.34.5 want: 0.34.5
225 silly placeDep ROOT @img/sharp-win32-ia32@0.34.5 OK for: sharp@0.34.5 want: 0.34.5
226 silly placeDep ROOT @img/sharp-win32-x64@0.34.5 OK for: sharp@0.34.5 want: 0.34.5
227 silly placeDep ROOT detect-libc@2.1.2 OK for: sharp@0.34.5 want: ^2.1.2
228 silly placeDep ROOT semver@7.7.3 REPLACE for: sharp@0.34.5 want: ^7.7.3
229 silly fetch manifest @emnapi/runtime@^1.7.0
230 silly packumentCache full:https://registry.npmjs.org/@emnapi%2fruntime cache-miss
231 http fetch GET 200 https://registry.npmjs.org/@emnapi%2fruntime 43ms (cache miss)
232 silly packumentCache full:https://registry.npmjs.org/@emnapi%2fruntime set size:undefined disposed:false
233 silly placeDep ROOT @emnapi/runtime@1.7.1 OK for: @img/sharp-wasm32@0.34.5 want: ^1.7.0
234 silly reify mark retired [
234 silly reify   '/Users/avows/Documents/trial/webfolio/node_modules/@emnapi/runtime'
234 silly reify ]
235 silly reify mark retired [
235 silly reify   '/Users/avows/Documents/trial/webfolio/node_modules/@img/sharp-darwin-arm64'
235 silly reify ]
236 silly reify mark retired [
236 silly reify   '/Users/avows/Documents/trial/webfolio/node_modules/@img/sharp-darwin-x64'
236 silly reify ]
237 silly reify mark retired [
237 silly reify   '/Users/avows/Documents/trial/webfolio/node_modules/@img/sharp-libvips-darwin-arm64'
237 silly reify ]
238 silly reify mark retired [
238 silly reify   '/Users/avows/Documents/trial/webfolio/node_modules/@img/sharp-libvips-darwin-x64'
238 silly reify ]
239 silly reify mark retired [
239 silly reify   '/Users/avows/Documents/trial/webfolio/node_modules/@img/sharp-libvips-linux-arm'
239 silly reify ]
240 silly reify mark retired [
240 silly reify   '/Users/avows/Documents/trial/webfolio/node_modules/@img/sharp-libvips-linux-arm64'
240 silly reify ]
241 silly reify mark retired [
241 silly reify   '/Users/avows/Documents/trial/webfolio/node_modules/@img/sharp-libvips-linux-ppc64'
241 silly reify ]
242 silly reify mark retired [
242 silly reify   '/Users/avows/Documents/trial/webfolio/node_modules/@img/sharp-libvips-linux-s390x'
242 silly reify ]
243 silly reify mark retired [
243 silly reify   '/Users/avows/Documents/trial/webfolio/node_modules/@img/sharp-libvips-linux-x64'
243 silly reify ]
244 silly reify mark retired [
244 silly reify   '/Users/avows/Documents/trial/webfolio/node_modules/@img/sharp-libvips-linuxmusl-arm64'
244 silly reify ]
245 silly reify mark retired [
245 silly reify   '/Users/avows/Documents/trial/webfolio/node_modules/@img/sharp-libvips-linuxmusl-x64'
245 silly reify ]
246 silly reify mark retired [
246 silly reify   '/Users/avows/Documents/trial/webfolio/node_modules/@img/sharp-linux-arm'
246 silly reify ]
247 silly reify mark retired [
247 silly reify   '/Users/avows/Documents/trial/webfolio/node_modules/@img/sharp-linux-arm64'
247 silly reify ]
248 silly reify mark retired [
248 silly reify   '/Users/avows/Documents/trial/webfolio/node_modules/@img/sharp-linux-s390x'
248 silly reify ]
249 silly reify mark retired [
249 silly reify   '/Users/avows/Documents/trial/webfolio/node_modules/@img/sharp-linux-x64'
249 silly reify ]
250 silly reify mark retired [
250 silly reify   '/Users/avows/Documents/trial/webfolio/node_modules/@img/sharp-linuxmusl-arm64'
250 silly reify ]
251 silly reify mark retired [
251 silly reify   '/Users/avows/Documents/trial/webfolio/node_modules/@img/sharp-linuxmusl-x64'
251 silly reify ]
252 silly reify mark retired [
252 silly reify   '/Users/avows/Documents/trial/webfolio/node_modules/@img/sharp-wasm32'
252 silly reify ]
253 silly reify mark retired [
253 silly reify   '/Users/avows/Documents/trial/webfolio/node_modules/@img/sharp-win32-arm64'
253 silly reify ]
254 silly reify mark retired [
254 silly reify   '/Users/avows/Documents/trial/webfolio/node_modules/@img/sharp-win32-ia32'
254 silly reify ]
255 silly reify mark retired [
255 silly reify   '/Users/avows/Documents/trial/webfolio/node_modules/@img/sharp-win32-x64'
255 silly reify ]
256 silly reify mark retired [ '/Users/avows/Documents/trial/webfolio/node_modules/@next/env' ]
257 silly reify mark retired [
257 silly reify   '/Users/avows/Documents/trial/webfolio/node_modules/@next/swc-darwin-arm64'
257 silly reify ]
258 silly reify mark retired [
258 silly reify   '/Users/avows/Documents/trial/webfolio/node_modules/@next/swc-darwin-x64'
258 silly reify ]
259 silly reify mark retired [
259 silly reify   '/Users/avows/Documents/trial/webfolio/node_modules/@next/swc-linux-arm64-gnu'
259 silly reify ]
260 silly reify mark retired [
260 silly reify   '/Users/avows/Documents/trial/webfolio/node_modules/@next/swc-linux-arm64-musl'
260 silly reify ]
261 silly reify mark retired [
261 silly reify   '/Users/avows/Documents/trial/webfolio/node_modules/@next/swc-linux-x64-gnu'
261 silly reify ]
262 silly reify mark retired [
262 silly reify   '/Users/avows/Documents/trial/webfolio/node_modules/@next/swc-linux-x64-musl'
262 silly reify ]
263 silly reify mark retired [
263 silly reify   '/Users/avows/Documents/trial/webfolio/node_modules/@next/swc-win32-arm64-msvc'
263 silly reify ]
264 silly reify mark retired [
264 silly reify   '/Users/avows/Documents/trial/webfolio/node_modules/@next/swc-win32-x64-msvc'
264 silly reify ]
265 silly reify mark retired [ '/Users/avows/Documents/trial/webfolio/node_modules/@swc/counter' ]
266 silly reify mark retired [ '/Users/avows/Documents/trial/webfolio/node_modules/busboy' ]
267 silly reify mark retired [ '/Users/avows/Documents/trial/webfolio/node_modules/color' ]
268 silly reify mark retired [ '/Users/avows/Documents/trial/webfolio/node_modules/color-string' ]
269 silly reify mark retired [ '/Users/avows/Documents/trial/webfolio/node_modules/detect-libc' ]
270 silly reify mark retired [ '/Users/avows/Documents/trial/webfolio/node_modules/is-arrayish' ]
271 silly reify mark retired [
271 silly reify   '/Users/avows/Documents/trial/webfolio/node_modules/next',
271 silly reify   '/Users/avows/Documents/trial/webfolio/node_modules/.bin/next'
271 silly reify ]
272 silly reify mark retired [ '/Users/avows/Documents/trial/webfolio/node_modules/react' ]
273 silly reify mark retired [ '/Users/avows/Documents/trial/webfolio/node_modules/react-dom' ]
274 silly reify mark retired [ '/Users/avows/Documents/trial/webfolio/node_modules/scheduler' ]
275 silly reify mark retired [
275 silly reify   '/Users/avows/Documents/trial/webfolio/node_modules/semver',
275 silly reify   '/Users/avows/Documents/trial/webfolio/node_modules/.bin/semver'
275 silly reify ]
276 silly reify mark retired [ '/Users/avows/Documents/trial/webfolio/node_modules/sharp' ]
277 silly reify mark retired [ '/Users/avows/Documents/trial/webfolio/node_modules/simple-swizzle' ]
278 silly reify mark retired [ '/Users/avows/Documents/trial/webfolio/node_modules/streamsearch' ]
279 silly reify moves {
279 silly reify   '/Users/avows/Documents/trial/webfolio/node_modules/@emnapi/runtime': '/Users/avows/Documents/trial/webfolio/node_modules/@emnapi/.runtime-bqc3rOp7',
279 silly reify   '/Users/avows/Documents/trial/webfolio/node_modules/@img/sharp-darwin-arm64': '/Users/avows/Documents/trial/webfolio/node_modules/@img/.sharp-darwin-arm64-ny6HZDr1',
279 silly reify   '/Users/avows/Documents/trial/webfolio/node_modules/@img/sharp-darwin-x64': '/Users/avows/Documents/trial/webfolio/node_modules/@img/.sharp-darwin-x64-uot6A1GL',
279 silly reify   '/Users/avows/Documents/trial/webfolio/node_modules/@img/sharp-libvips-darwin-arm64': '/Users/avows/Documents/trial/webfolio/node_modules/@img/.sharp-libvips-darwin-arm64-uYVpdU6X',
279 silly reify   '/Users/avows/Documents/trial/webfolio/node_modules/@img/sharp-libvips-darwin-x64': '/Users/avows/Documents/trial/webfolio/node_modules/@img/.sharp-libvips-darwin-x64-Ulc2UK7w',
279 silly reify   '/Users/avows/Documents/trial/webfolio/node_modules/@img/sharp-libvips-linux-arm': '/Users/avows/Documents/trial/webfolio/node_modules/@img/.sharp-libvips-linux-arm-kPqGOFv1',
279 silly reify   '/Users/avows/Documents/trial/webfolio/node_modules/@img/sharp-libvips-linux-arm64': '/Users/avows/Documents/trial/webfolio/node_modules/@img/.sharp-libvips-linux-arm64-slf8mmbY',
279 silly reify   '/Users/avows/Documents/trial/webfolio/node_modules/@img/sharp-libvips-linux-ppc64': '/Users/avows/Documents/trial/webfolio/node_modules/@img/.sharp-libvips-linux-ppc64-oXfz8ZHe',
279 silly reify   '/Users/avows/Documents/trial/webfolio/node_modules/@img/sharp-libvips-linux-s390x': '/Users/avows/Documents/trial/webfolio/node_modules/@img/.sharp-libvips-linux-s390x-wgnvT5uH',
279 silly reify   '/Users/avows/Documents/trial/webfolio/node_modules/@img/sharp-libvips-linux-x64': '/Users/avows/Documents/trial/webfolio/node_modules/@img/.sharp-libvips-linux-x64-MzPHk6vc',
279 silly reify   '/Users/avows/Documents/trial/webfolio/node_modules/@img/sharp-libvips-linuxmusl-arm64': '/Users/avows/Documents/trial/webfolio/node_modules/@img/.sharp-libvips-linuxmusl-arm64-KusX6dEC',
279 silly reify   '/Users/avows/Documents/trial/webfolio/node_modules/@img/sharp-libvips-linuxmusl-x64': '/Users/avows/Documents/trial/webfolio/node_modules/@img/.sharp-libvips-linuxmusl-x64-00Jrscgg',
279 silly reify   '/Users/avows/Documents/trial/webfolio/node_modules/@img/sharp-linux-arm': '/Users/avows/Documents/trial/webfolio/node_modules/@img/.sharp-linux-arm-rKOsZoSQ',
279 silly reify   '/Users/avows/Documents/trial/webfolio/node_modules/@img/sharp-linux-arm64': '/Users/avows/Documents/trial/webfolio/node_modules/@img/.sharp-linux-arm64-KkMR9DRq',
279 silly reify   '/Users/avows/Documents/trial/webfolio/node_modules/@img/sharp-linux-s390x': '/Users/avows/Documents/trial/webfolio/node_modules/@img/.sharp-linux-s390x-7RgQ16VS',
279 silly reify   '/Users/avows/Documents/trial/webfolio/node_modules/@img/sharp-linux-x64': '/Users/avows/Documents/trial/webfolio/node_modules/@img/.sharp-linux-x64-wHGa6Jza',
279 silly reify   '/Users/avows/Documents/trial/webfolio/node_modules/@img/sharp-linuxmusl-arm64': '/Users/avows/Documents/trial/webfolio/node_modules/@img/.sharp-linuxmusl-arm64-AarUMEhV',
279 silly reify   '/Users/avows/Documents/trial/webfolio/node_modules/@img/sharp-linuxmusl-x64': '/Users/avows/Documents/trial/webfolio/node_modules/@img/.sharp-linuxmusl-x64-W4U8IYc6',
279 silly reify   '/Users/avows/Documents/trial/webfolio/node_modules/@img/sharp-wasm32': '/Users/avows/Documents/trial/webfolio/node_modules/@img/.sharp-wasm32-qfX7WsHL',
279 silly reify   '/Users/avows/Documents/trial/webfolio/node_modules/@img/sharp-win32-arm64': '/Users/avows/Documents/trial/webfolio/node_modules/@img/.sharp-win32-arm64-3XpJFISu',
279 silly reify   '/Users/avows/Documents/trial/webfolio/node_modules/@img/sharp-win32-ia32': '/Users/avows/Documents/trial/webfolio/node_modules/@img/.sharp-win32-ia32-FRK1nOtm',
279 silly reify   '/Users/avows/Documents/trial/webfolio/node_modules/@img/sharp-win32-x64': '/Users/avows/Documents/trial/webfolio/node_modules/@img/.sharp-win32-x64-2rIQKVqd',
279 silly reify   '/Users/avows/Documents/trial/webfolio/node_modules/@next/env': '/Users/avows/Documents/trial/webfolio/node_modules/@next/.env-K47I2abP',
279 silly reify   '/Users/avows/Documents/trial/webfolio/node_modules/@next/swc-darwin-arm64': '/Users/avows/Documents/trial/webfolio/node_modules/@next/.swc-darwin-arm64-tJP4bS2R',
279 silly reify   '/Users/avows/Documents/trial/webfolio/node_modules/@next/swc-darwin-x64': '/Users/avows/Documents/trial/webfolio/node_modules/@next/.swc-darwin-x64-2ikIF3lv',
279 silly reify   '/Users/avows/Documents/trial/webfolio/node_modules/@next/swc-linux-arm64-gnu': '/Users/avows/Documents/trial/webfolio/node_modules/@next/.swc-linux-arm64-gnu-iz6DWC5K',
279 silly reify   '/Users/avows/Documents/trial/webfolio/node_modules/@next/swc-linux-arm64-musl': '/Users/avows/Documents/trial/webfolio/node_modules/@next/.swc-linux-arm64-musl-2HGtHXpG',
279 silly reify   '/Users/avows/Documents/trial/webfolio/node_modules/@next/swc-linux-x64-gnu': '/Users/avows/Documents/trial/webfolio/node_modules/@next/.swc-linux-x64-gnu-tLMMQZO9',
279 silly reify   '/Users/avows/Documents/trial/webfolio/node_modules/@next/swc-linux-x64-musl': '/Users/avows/Documents/trial/webfolio/node_modules/@next/.swc-linux-x64-musl-4JZgXsIM',
279 silly reify   '/Users/avows/Documents/trial/webfolio/node_modules/@next/swc-win32-arm64-msvc': '/Users/avows/Documents/trial/webfolio/node_modules/@next/.swc-win32-arm64-msvc-nF42UCvA',
279 silly reify   '/Users/avows/Documents/trial/webfolio/node_modules/@next/swc-win32-x64-msvc': '/Users/avows/Documents/trial/webfolio/node_modules/@next/.swc-win32-x64-msvc-vepQxWYp',
279 silly reify   '/Users/avows/Documents/trial/webfolio/node_modules/@swc/counter': '/Users/avows/Documents/trial/webfolio/node_modules/@swc/.counter-BM7dedXr',
279 silly reify   '/Users/avows/Documents/trial/webfolio/node_modules/busboy': '/Users/avows/Documents/trial/webfolio/node_modules/.busboy-VyMI8qgv',
279 silly reify   '/Users/avows/Documents/trial/webfolio/node_modules/color': '/Users/avows/Documents/trial/webfolio/node_modules/.color-dAmKWRUG',
279 silly reify   '/Users/avows/Documents/trial/webfolio/node_modules/color-string': '/Users/avows/Documents/trial/webfolio/node_modules/.color-string-6rg9wfid',
279 silly reify   '/Users/avows/Documents/trial/webfolio/node_modules/detect-libc': '/Users/avows/Documents/trial/webfolio/node_modules/.detect-libc-Kq26E1BQ',
279 silly reify   '/Users/avows/Documents/trial/webfolio/node_modules/is-arrayish': '/Users/avows/Documents/trial/webfolio/node_modules/.is-arrayish-nR6H4DSg',
279 silly reify   '/Users/avows/Documents/trial/webfolio/node_modules/next': '/Users/avows/Documents/trial/webfolio/node_modules/.next-qLPFrcnL',
279 silly reify   '/Users/avows/Documents/trial/webfolio/node_modules/.bin/next': '/Users/avows/Documents/trial/webfolio/node_modules/.bin/.next-WzWFEO8N',
279 silly reify   '/Users/avows/Documents/trial/webfolio/node_modules/react': '/Users/avows/Documents/trial/webfolio/node_modules/.react-rPxGwaoS',
279 silly reify   '/Users/avows/Documents/trial/webfolio/node_modules/react-dom': '/Users/avows/Documents/trial/webfolio/node_modules/.react-dom-LktRhPlz',
279 silly reify   '/Users/avows/Documents/trial/webfolio/node_modules/scheduler': '/Users/avows/Documents/trial/webfolio/node_modules/.scheduler-v6ZtTxdv',
279 silly reify   '/Users/avows/Documents/trial/webfolio/node_modules/semver': '/Users/avows/Documents/trial/webfolio/node_modules/.semver-KobUCzyl',
279 silly reify   '/Users/avows/Documents/trial/webfolio/node_modules/.bin/semver': '/Users/avows/Documents/trial/webfolio/node_modules/.bin/.semver-5Tm0WJSJ',
279 silly reify   '/Users/avows/Documents/trial/webfolio/node_modules/sharp': '/Users/avows/Documents/trial/webfolio/node_modules/.sharp-M2M6rFoA',
279 silly reify   '/Users/avows/Documents/trial/webfolio/node_modules/simple-swizzle': '/Users/avows/Documents/trial/webfolio/node_modules/.simple-swizzle-LH6OajCt',
279 silly reify   '/Users/avows/Documents/trial/webfolio/node_modules/streamsearch': '/Users/avows/Documents/trial/webfolio/node_modules/.streamsearch-QKSMcQJr'
279 silly reify }
280 silly audit bulk request {
280 silly audit   '@alloc/quick-lru': [ '5.2.0' ],
280 silly audit   '@babel/runtime': [ '7.27.6' ],
280 silly audit   '@firebase/ai': [ '1.4.1' ],
280 silly audit   '@firebase/analytics': [ '0.10.17' ],
280 silly audit   '@firebase/analytics-compat': [ '0.2.23' ],
280 silly audit   '@firebase/analytics-types': [ '0.8.3' ],
280 silly audit   '@firebase/app': [ '0.13.2' ],
280 silly audit   '@firebase/app-check': [ '0.10.1' ],
280 silly audit   '@firebase/app-check-compat': [ '0.3.26' ],
280 silly audit   '@firebase/app-check-interop-types': [ '0.3.3' ],
280 silly audit   '@firebase/app-check-types': [ '0.5.3' ],
280 silly audit   '@firebase/app-compat': [ '0.4.2' ],
280 silly audit   '@firebase/app-types': [ '0.9.3' ],
280 silly audit   '@firebase/auth-compat': [ '0.5.28' ],
280 silly audit   '@firebase/auth': [ '1.10.8' ],
280 silly audit   '@firebase/auth-interop-types': [ '0.2.4' ],
280 silly audit   '@firebase/auth-types': [ '0.13.0' ],
280 silly audit   '@firebase/component': [ '0.6.18' ],
280 silly audit   '@firebase/data-connect': [ '0.3.10' ],
280 silly audit   '@firebase/database': [ '1.0.20' ],
280 silly audit   '@firebase/database-compat': [ '2.0.11' ],
280 silly audit   '@firebase/database-types': [ '1.0.15' ],
280 silly audit   '@firebase/firestore': [ '4.8.0' ],
280 silly audit   '@firebase/firestore-compat': [ '0.3.53' ],
280 silly audit   '@firebase/firestore-types': [ '3.0.3' ],
280 silly audit   '@firebase/functions': [ '0.12.9' ],
280 silly audit   '@firebase/functions-compat': [ '0.3.26' ],
280 silly audit   '@firebase/functions-types': [ '0.6.3' ],
280 silly audit   '@firebase/installations': [ '0.6.18' ],
280 silly audit   '@firebase/installations-compat': [ '0.2.18' ],
280 silly audit   '@firebase/installations-types': [ '0.5.3' ],
280 silly audit   '@firebase/logger': [ '0.4.4' ],
280 silly audit   '@firebase/messaging': [ '0.12.22' ],
280 silly audit   '@firebase/messaging-compat': [ '0.2.22' ],
280 silly audit   '@firebase/messaging-interop-types': [ '0.2.3' ],
280 silly audit   '@firebase/performance': [ '0.7.7' ],
280 silly audit   '@firebase/performance-compat': [ '0.2.20' ],
280 silly audit   '@firebase/performance-types': [ '0.2.3' ],
280 silly audit   '@firebase/remote-config': [ '0.6.5' ],
280 silly audit   '@firebase/remote-config-compat': [ '0.2.18' ],
280 silly audit   '@firebase/remote-config-types': [ '0.4.0' ],
280 silly audit   '@firebase/storage': [ '0.13.14' ],
280 silly audit   '@firebase/storage-compat': [ '0.3.24' ],
280 silly audit   '@firebase/storage-types': [ '0.8.3' ],
280 silly audit   '@firebase/util': [ '1.12.1' ],
280 silly audit   '@firebase/webchannel-wrapper': [ '1.0.3' ],
280 silly audit   '@floating-ui/core': [ '1.7.2' ],
280 silly audit   '@floating-ui/dom': [ '1.7.2' ],
280 silly audit   '@floating-ui/react-dom': [ '2.1.4' ],
280 silly audit   '@floating-ui/utils': [ '0.2.10' ],
280 silly audit   '@fortawesome/fontawesome-common-types': [ '6.7.2' ],
280 silly audit   '@fortawesome/fontawesome-svg-core': [ '6.7.2' ],
280 silly audit   '@fortawesome/free-brands-svg-icons': [ '6.7.2' ],
280 silly audit   '@fortawesome/free-solid-svg-icons': [ '6.7.2' ],
280 silly audit   '@fortawesome/react-fontawesome': [ '0.2.2' ],
280 silly audit   '@grpc/grpc-js': [ '1.9.15' ],
280 silly audit   '@grpc/proto-loader': [ '0.7.15' ],
280 silly audit   '@gsap/react': [ '2.1.2' ],
280 silly audit   '@hookform/resolvers': [ '4.1.3' ],
280 silly audit   '@jridgewell/gen-mapping': [ '0.3.13' ],
280 silly audit   '@jridgewell/resolve-uri': [ '3.1.2' ],
280 silly audit   '@jridgewell/sourcemap-codec': [ '1.5.5' ],
280 silly audit   '@jridgewell/trace-mapping': [ '0.3.31' ],
280 silly audit   '@nodelib/fs.scandir': [ '2.1.5' ],
280 silly audit   '@nodelib/fs.stat': [ '2.0.5' ],
280 silly audit   '@nodelib/fs.walk': [ '1.2.8' ],
280 silly audit   '@protobufjs/aspromise': [ '1.1.2' ],
280 silly audit   '@protobufjs/base64': [ '1.1.2' ],
280 silly audit   '@protobufjs/codegen': [ '2.0.4' ],
280 silly audit   '@protobufjs/eventemitter': [ '1.1.0' ],
280 silly audit   '@protobufjs/fetch': [ '1.1.0' ],
280 silly audit   '@protobufjs/float': [ '1.0.2' ],
280 silly audit   '@protobufjs/inquire': [ '1.1.0' ],
280 silly audit   '@protobufjs/path': [ '1.1.2' ],
280 silly audit   '@protobufjs/pool': [ '1.1.0' ],
280 silly audit   '@protobufjs/utf8': [ '1.1.0' ],
280 silly audit   '@radix-ui/number': [ '1.1.1' ],
280 silly audit   '@radix-ui/primitive': [ '1.1.2' ],
280 silly audit   '@radix-ui/react-accordion': [ '1.2.11' ],
280 silly audit   '@radix-ui/react-alert-dialog': [ '1.1.14' ],
280 silly audit   '@radix-ui/react-arrow': [ '1.1.7' ],
280 silly audit   '@radix-ui/react-avatar': [ '1.1.10' ],
280 silly audit   '@radix-ui/react-checkbox': [ '1.3.2' ],
280 silly audit   '@radix-ui/react-collapsible': [ '1.1.11' ],
280 silly audit   '@radix-ui/react-collection': [ '1.1.7' ],
280 silly audit   '@radix-ui/react-compose-refs': [ '1.1.2' ],
280 silly audit   '@radix-ui/react-context': [ '1.1.2' ],
280 silly audit   '@radix-ui/react-dialog': [ '1.1.14' ],
280 silly audit   '@radix-ui/react-direction': [ '1.1.1' ],
280 silly audit   '@radix-ui/react-dismissable-layer': [ '1.1.10' ],
280 silly audit   '@radix-ui/react-dropdown-menu': [ '2.1.15' ],
280 silly audit   '@radix-ui/react-focus-guards': [ '1.1.2' ],
280 silly audit   '@radix-ui/react-focus-scope': [ '1.1.7' ],
280 silly audit   '@radix-ui/react-id': [ '1.1.1' ],
280 silly audit   '@radix-ui/react-label': [ '2.1.7' ],
280 silly audit   '@radix-ui/react-menu': [ '2.1.15' ],
280 silly audit   '@radix-ui/react-menubar': [ '1.1.15' ],
280 silly audit   '@radix-ui/react-popover': [ '1.1.14' ],
280 silly audit   '@radix-ui/react-popper': [ '1.2.7' ],
280 silly audit   '@radix-ui/react-portal': [ '1.1.9' ],
280 silly audit   '@radix-ui/react-presence': [ '1.1.4' ],
280 silly audit   '@radix-ui/react-primitive': [ '2.1.3' ],
280 silly audit   '@radix-ui/react-progress': [ '1.1.7' ],
280 silly audit   '@radix-ui/react-radio-group': [ '1.3.7' ],
280 silly audit   '@radix-ui/react-roving-focus': [ '1.1.10' ],
280 silly audit   '@radix-ui/react-scroll-area': [ '1.2.9' ],
280 silly audit   '@radix-ui/react-select': [ '2.2.5' ],
280 silly audit   '@radix-ui/react-separator': [ '1.1.7' ],
280 silly audit   '@radix-ui/react-slider': [ '1.3.5' ],
280 silly audit   '@radix-ui/react-slot': [ '1.2.3' ],
280 silly audit   '@radix-ui/react-switch': [ '1.2.5' ],
280 silly audit   '@radix-ui/react-tabs': [ '1.1.12' ],
280 silly audit   '@radix-ui/react-toast': [ '1.2.14' ],
280 silly audit   '@radix-ui/react-tooltip': [ '1.2.7' ],
280 silly audit   '@radix-ui/react-use-callback-ref': [ '1.1.1' ],
280 silly audit   '@radix-ui/react-use-controllable-state': [ '1.2.2' ],
280 silly audit   '@radix-ui/react-use-effect-event': [ '0.0.2' ],
280 silly audit   '@radix-ui/react-use-escape-keydown': [ '1.1.1' ],
280 silly audit   '@radix-ui/react-use-is-hydrated': [ '0.1.0' ],
280 silly audit   '@radix-ui/react-use-layout-effect': [ '1.1.1' ],
280 silly audit   '@radix-ui/react-use-previous': [ '1.1.1' ],
280 silly audit   '@radix-ui/react-use-rect': [ '1.1.1' ],
280 silly audit   '@radix-ui/react-use-size': [ '1.1.1' ],
280 silly audit   '@radix-ui/react-visually-hidden': [ '1.2.3' ],
280 silly audit   '@radix-ui/rect': [ '1.1.1' ],
280 silly audit   '@standard-schema/utils': [ '0.3.0' ],
280 silly audit   '@swc/helpers': [ '0.5.15' ],
280 silly audit   '@types/d3-array': [ '3.2.1' ],
280 silly audit   '@types/d3-color': [ '3.1.3' ],
280 silly audit   '@types/d3-ease': [ '3.0.2' ],
280 silly audit   '@types/d3-interpolate': [ '3.0.4' ],
280 silly audit   '@types/d3-path': [ '3.1.1' ],
280 silly audit   '@types/d3-scale': [ '4.0.9' ],
280 silly audit   '@types/d3-shape': [ '3.1.7' ],
280 silly audit   '@types/d3-time': [ '3.0.4' ],
280 silly audit   '@types/d3-timer': [ '3.0.2' ],
280 silly audit   '@types/node': [ '20.19.2' ],
280 silly audit   '@types/prop-types': [ '15.7.15' ],
280 silly audit   '@types/react': [ '18.3.23' ],
280 silly audit   '@types/react-dom': [ '18.3.7' ],
280 silly audit   '@yarnpkg/lockfile': [ '1.1.0' ],
280 silly audit   'ansi-regex': [ '5.0.1' ],
280 silly audit   'ansi-styles': [ '4.3.0' ],
280 silly audit   'any-promise': [ '1.3.0' ],
280 silly audit   anymatch: [ '3.1.3' ],
280 silly audit   arg: [ '5.0.2' ],
280 silly audit   'aria-hidden': [ '1.2.6' ],
280 silly audit   'at-least-node': [ '1.0.0' ],
280 silly audit   autoprefixer: [ '10.4.23' ],
280 silly audit   'balanced-match': [ '1.0.2' ],
280 silly audit   'baseline-browser-mapping': [ '2.9.7' ],
280 silly audit   'binary-extensions': [ '2.3.0' ],
280 silly audit   'brace-expansion': [ '1.1.12' ],
280 silly audit   braces: [ '3.0.3' ],
280 silly audit   browserslist: [ '4.28.1' ],
280 silly audit   'call-bind': [ '1.0.8' ],
280 silly audit   'call-bind-apply-helpers': [ '1.0.2' ],
280 silly audit   'call-bound': [ '1.0.4' ],
280 silly audit   'camelcase-css': [ '2.0.1' ],
280 silly audit   'caniuse-lite': [ '1.0.30001760' ],
280 silly audit   chalk: [ '4.1.2' ],
280 silly audit   chokidar: [ '3.6.0' ],
280 silly audit   'glob-parent': [ '5.1.2', '6.0.2' ],
280 silly audit   'ci-info': [ '3.9.0' ],
280 silly audit   'class-variance-authority': [ '0.7.1' ],
280 silly audit   'client-only': [ '0.0.1' ],
280 silly audit   cliui: [ '8.0.1' ],
280 silly audit   clsx: [ '2.1.1' ],
280 silly audit   'color-convert': [ '2.0.1' ],
280 silly audit   'color-name': [ '1.1.4' ],
280 silly audit   commander: [ '4.1.1' ],
280 silly audit   'concat-map': [ '0.0.1' ],
280 silly audit   'cross-spawn': [ '7.0.6' ],
280 silly audit   cssesc: [ '3.0.0' ],
280 silly audit   csstype: [ '3.1.3' ],
280 silly audit   'd3-array': [ '3.2.4' ],
280 silly audit   'd3-color': [ '3.1.0' ],
280 silly audit   'd3-ease': [ '3.0.1' ],
280 silly audit   'd3-format': [ '3.1.0' ],
280 silly audit   'd3-interpolate': [ '3.0.1' ],
280 silly audit   'd3-path': [ '3.1.0' ],
280 silly audit   'd3-scale': [ '4.0.2' ],
280 silly audit   'd3-shape': [ '3.2.0' ],
280 silly audit   'd3-time': [ '3.1.0' ],
280 silly audit   'd3-time-format': [ '4.1.0' ],
280 silly audit   'd3-timer': [ '3.0.1' ],
280 silly audit   'date-fns': [ '3.6.0' ],
280 silly audit   'decimal.js-light': [ '2.5.1' ],
280 silly audit   'define-data-property': [ '1.1.4' ],
280 silly audit   'detect-node-es': [ '1.1.0' ],
280 silly audit   didyoumean: [ '1.2.2' ],
280 silly audit   dlv: [ '1.1.3' ],
280 silly audit   'dom-helpers': [ '5.2.1' ],
280 silly audit   dotenv: [ '16.6.1' ],
280 silly audit   'dunder-proto': [ '1.0.1' ],
280 silly audit   'electron-to-chromium': [ '1.5.267' ],
280 silly audit   'emoji-regex': [ '8.0.0' ],
280 silly audit   'es-define-property': [ '1.0.1' ],
280 silly audit   'es-errors': [ '1.3.0' ],
280 silly audit   'es-object-atoms': [ '1.1.1' ],
280 silly audit   escalade: [ '3.2.0' ],
280 silly audit   eventemitter3: [ '4.0.7' ],
280 silly audit   'fast-equals': [ '5.2.2' ],
280 silly audit   'fast-glob': [ '3.3.3' ],
280 silly audit   fastq: [ '1.19.1' ],
280 silly audit   'faye-websocket': [ '0.11.4' ],
280 silly audit   'fill-range': [ '7.1.1' ],
280 silly audit   'find-yarn-workspace-root': [ '2.0.0' ],
280 silly audit   firebase: [ '11.10.0' ],
280 silly audit   'fraction.js': [ '5.3.4' ],
280 silly audit   'fs-extra': [ '9.1.0' ],
280 silly audit   'fs.realpath': [ '1.0.0' ],
280 silly audit   fsevents: [ '2.3.3' ],
280 silly audit   'function-bind': [ '1.1.2' ],
280 silly audit   'get-caller-file': [ '2.0.5' ],
280 silly audit   'get-intrinsic': [ '1.3.0' ],
280 silly audit   'get-nonce': [ '1.0.1' ],
280 silly audit   'get-proto': [ '1.0.1' ],
280 silly audit   glob: [ '7.2.3' ],
280 silly audit   gopd: [ '1.2.0' ],
280 silly audit   'graceful-fs': [ '4.2.11' ],
280 silly audit   gsap: [ '3.13.0' ],
280 silly audit   'has-flag': [ '4.0.0' ],
280 silly audit   'has-property-descriptors': [ '1.0.2' ],
280 silly audit   'has-symbols': [ '1.1.0' ],
280 silly audit   hasown: [ '2.0.2' ],
280 silly audit   'http-parser-js': [ '0.5.10' ],
280 silly audit   idb: [ '7.1.1' ],
280 silly audit   inflight: [ '1.0.6' ],
280 silly audit   inherits: [ '2.0.4' ],
280 silly audit   internmap: [ '2.0.3' ],
280 silly audit   'is-binary-path': [ '2.1.0' ],
280 silly audit   'is-core-module': [ '2.16.1' ],
280 silly audit   'is-docker': [ '2.2.1' ],
280 silly audit   'is-extglob': [ '2.1.1' ],
280 silly audit   'is-fullwidth-code-point': [ '3.0.0' ],
280 silly audit   'is-glob': [ '4.0.3' ],
280 silly audit   'is-number': [ '7.0.0' ],
280 silly audit   'is-wsl': [ '2.2.0' ],
280 silly audit   isarray: [ '2.0.5' ],
280 silly audit   isexe: [ '2.0.0' ],
280 silly audit   jiti: [ '1.21.7' ],
280 silly audit   'js-tokens': [ '4.0.0' ],
280 silly audit   'json-stable-stringify': [ '1.3.0' ],
280 silly audit   jsonfile: [ '6.1.0' ],
280 silly audit   jsonify: [ '0.0.1' ],
280 silly audit   'klaw-sync': [ '6.0.0' ],
280 silly audit   lilconfig: [ '3.1.3' ],
280 silly audit   'lines-and-columns': [ '1.2.4' ],
280 silly audit   lodash: [ '4.17.21' ],
280 silly audit   'lodash.camelcase': [ '4.3.0' ],
280 silly audit   long: [ '5.3.2' ],
280 silly audit   'loose-envify': [ '1.4.0' ],
280 silly audit   'lucide-react': [ '0.475.0' ],
280 silly audit   'math-intrinsics': [ '1.1.0' ],
280 silly audit   merge2: [ '1.4.1' ],
280 silly audit   micromatch: [ '4.0.8' ],
280 silly audit   minimatch: [ '3.1.2' ],
280 silly audit   minimist: [ '1.2.8' ],
280 silly audit   mz: [ '2.7.0' ],
280 silly audit   nanoid: [ '3.3.11' ],
280 silly audit   postcss: [ '8.5.6', '8.4.31' ],
280 silly audit   'node-releases': [ '2.0.27' ],
280 silly audit   'normalize-path': [ '3.0.0' ],
280 silly audit   'object-assign': [ '4.1.1' ],
280 silly audit   'object-hash': [ '3.0.0' ],
280 silly audit   'object-keys': [ '1.1.1' ],
280 silly audit   once: [ '1.4.0' ],
280 silly audit   open: [ '7.4.2' ],
280 silly audit   'os-tmpdir': [ '1.0.2' ],
280 silly audit   'patch-package': [ '8.0.0' ],
280 silly audit   'path-is-absolute': [ '1.0.1' ],
280 silly audit   'path-key': [ '3.1.1' ],
280 silly audit   'path-parse': [ '1.0.7' ],
280 silly audit   picocolors: [ '1.1.1' ],
280 silly audit   picomatch: [ '2.3.1', '4.0.3' ],
280 silly audit   pify: [ '2.3.0' ],
280 silly audit   pirates: [ '4.0.7' ],
280 silly audit   'postcss-import': [ '15.1.0' ],
280 silly audit   'postcss-js': [ '4.1.0' ],
280 silly audit   'postcss-nested': [ '6.2.0' ],
280 silly audit   'postcss-selector-parser': [ '6.1.2' ],
280 silly audit   'postcss-value-parser': [ '4.2.0' ],
280 silly audit   'prop-types': [ '15.8.1' ],
280 silly audit   protobufjs: [ '7.5.3' ],
280 silly audit   'queue-microtask': [ '1.2.3' ],
280 silly audit   'react-day-picker': [ '8.10.1' ],
280 silly audit   'react-hook-form': [ '7.59.0' ],
280 silly audit   'react-is': [ '16.13.1', '18.3.1' ],
280 silly audit   'react-remove-scroll': [ '2.7.1' ],
280 silly audit   'react-remove-scroll-bar': [ '2.3.8' ],
280 silly audit   'react-smooth': [ '4.0.4' ],
280 silly audit   'react-style-singleton': [ '2.2.3' ],
280 silly audit   'react-transition-group': [ '4.4.5' ],
280 silly audit   'read-cache': [ '1.0.0' ],
280 silly audit   readdirp: [ '3.6.0' ],
280 silly audit   recharts: [ '2.15.4' ],
280 silly audit   'recharts-scale': [ '0.4.5' ],
280 silly audit   'require-directory': [ '2.1.1' ],
280 silly audit   resolve: [ '1.22.11' ],
280 silly audit   reusify: [ '1.1.0' ],
280 silly audit   rimraf: [ '2.7.1' ],
280 silly audit   'run-parallel': [ '1.2.0' ],
280 silly audit   'safe-buffer': [ '5.2.1' ],
280 silly audit   'set-function-length': [ '1.2.2' ],
280 silly audit   'shebang-command': [ '2.0.0' ],
280 silly audit   'shebang-regex': [ '3.0.0' ],
280 silly audit   slash: [ '2.0.0' ],
280 silly audit   'source-map-js': [ '1.2.1' ],
280 silly audit   'string-width': [ '4.2.3' ],
280 silly audit   'strip-ansi': [ '6.0.1' ],
280 silly audit   'styled-jsx': [ '5.1.6' ],
280 silly audit   sucrase: [ '3.35.1' ],
280 silly audit   'supports-color': [ '7.2.0' ],
280 silly audit   'supports-preserve-symlinks-flag': [ '1.0.0' ],
280 silly audit   'tailwind-merge': [ '3.3.1' ],
280 silly audit   tailwindcss: [ '3.4.17' ],
280 silly audit   'tailwindcss-animate': [ '1.0.7' ],
280 silly audit   'postcss-load-config': [ '4.0.2' ],
280 silly audit   thenify: [ '3.3.1' ],
280 silly audit   'thenify-all': [ '1.6.0' ],
280 silly audit   'tiny-invariant': [ '1.3.3' ],
280 silly audit   tinyglobby: [ '0.2.15' ],
280 silly audit   fdir: [ '6.5.0' ],
280 silly audit   tmp: [ '0.0.33' ],
280 silly audit   'to-regex-range': [ '5.0.1' ],
280 silly audit   'ts-interface-checker': [ '0.1.13' ],
280 silly audit   tslib: [ '2.8.1' ],
280 silly audit   typescript: [ '5.8.3' ],
280 silly audit   'undici-types': [ '6.21.0' ],
280 silly audit   universalify: [ '2.0.1' ],
280 silly audit   'update-browserslist-db': [ '1.2.2' ],
280 silly audit   'use-callback-ref': [ '1.3.3' ],
280 silly audit   'use-sidecar': [ '1.1.3' ],
280 silly audit   'use-sync-external-store': [ '1.5.0' ],
280 silly audit   'util-deprecate': [ '1.0.2' ],
280 silly audit   'victory-vendor': [ '36.9.2' ],
280 silly audit   'web-vitals': [ '4.2.4' ],
280 silly audit   'websocket-driver': [ '0.7.4' ],
280 silly audit   'websocket-extensions': [ '0.1.4' ],
280 silly audit   which: [ '2.0.2' ],
280 silly audit   'wrap-ansi': [ '7.0.0' ],
280 silly audit   wrappy: [ '1.0.2' ],
280 silly audit   y18n: [ '5.0.8' ],
280 silly audit   yaml: [ '2.8.0' ],
280 silly audit   yargs: [ '17.7.2' ],
280 silly audit   'yargs-parser': [ '21.1.1' ],
280 silly audit   zod: [ '3.25.67' ],
280 silly audit   next: [ '16.0.10' ],
280 silly audit   react: [ '19.2.3' ],
280 silly audit   'react-dom': [ '19.2.3' ],
280 silly audit   '@next/env': [ '16.0.10' ],
280 silly audit   '@next/swc-darwin-arm64': [ '16.0.10' ],
280 silly audit   '@next/swc-darwin-x64': [ '16.0.10' ],
280 silly audit   '@next/swc-linux-arm64-gnu': [ '16.0.10' ],
280 silly audit   '@next/swc-linux-arm64-musl': [ '16.0.10' ],
280 silly audit   '@next/swc-linux-x64-gnu': [ '16.0.10' ],
280 silly audit   '@next/swc-linux-x64-musl': [ '16.0.10' ],
280 silly audit   '@next/swc-win32-arm64-msvc': [ '16.0.10' ],
280 silly audit   '@next/swc-win32-x64-msvc': [ '16.0.10' ],
280 silly audit   sharp: [ '0.34.5' ],
280 silly audit   scheduler: [ '0.27.0' ],
280 silly audit   '@img/colour': [ '1.0.0' ],
280 silly audit   '@img/sharp-darwin-arm64': [ '0.34.5' ],
280 silly audit   '@img/sharp-darwin-x64': [ '0.34.5' ],
280 silly audit   '@img/sharp-libvips-darwin-arm64': [ '1.2.4' ],
280 silly audit   '@img/sharp-libvips-darwin-x64': [ '1.2.4' ],
280 silly audit   '@img/sharp-libvips-linux-arm': [ '1.2.4' ],
280 silly audit   '@img/sharp-libvips-linux-arm64': [ '1.2.4' ],
280 silly audit   '@img/sharp-libvips-linux-ppc64': [ '1.2.4' ],
280 silly audit   '@img/sharp-libvips-linux-riscv64': [ '1.2.4' ],
280 silly audit   '@img/sharp-libvips-linux-s390x': [ '1.2.4' ],
280 silly audit   '@img/sharp-libvips-linux-x64': [ '1.2.4' ],
280 silly audit   '@img/sharp-libvips-linuxmusl-arm64': [ '1.2.4' ],
280 silly audit   '@img/sharp-libvips-linuxmusl-x64': [ '1.2.4' ],
280 silly audit   '@img/sharp-linux-arm': [ '0.34.5' ],
280 silly audit   '@img/sharp-linux-arm64': [ '0.34.5' ],
280 silly audit   '@img/sharp-linux-ppc64': [ '0.34.5' ],
280 silly audit   '@img/sharp-linux-riscv64': [ '0.34.5' ],
280 silly audit   '@img/sharp-linux-s390x': [ '0.34.5' ],
280 silly audit   '@img/sharp-linux-x64': [ '0.34.5' ],
280 silly audit   '@img/sharp-linuxmusl-arm64': [ '0.34.5' ],
280 silly audit   '@img/sharp-linuxmusl-x64': [ '0.34.5' ],
280 silly audit   '@img/sharp-wasm32': [ '0.34.5' ],
280 silly audit   '@img/sharp-win32-arm64': [ '0.34.5' ],
280 silly audit   '@img/sharp-win32-ia32': [ '0.34.5' ],
280 silly audit   '@img/sharp-win32-x64': [ '0.34.5' ],
280 silly audit   'detect-libc': [ '2.1.2' ],
280 silly audit   semver: [ '7.7.3' ],
280 silly audit   '@emnapi/runtime': [ '1.7.1' ]
280 silly audit }
281 verbose reify failed optional dependency /Users/avows/Documents/trial/webfolio/node_modules/@img/sharp-linux-riscv64
282 silly reify mark deleted [
282 silly reify   '/Users/avows/Documents/trial/webfolio/node_modules/@img/sharp-linux-riscv64'
282 silly reify ]
283 verbose reify failed optional dependency /Users/avows/Documents/trial/webfolio/node_modules/@img/sharp-linux-ppc64
284 silly reify mark deleted [
284 silly reify   '/Users/avows/Documents/trial/webfolio/node_modules/@img/sharp-linux-ppc64'
284 silly reify ]
285 verbose reify failed optional dependency /Users/avows/Documents/trial/webfolio/node_modules/@img/sharp-libvips-linux-riscv64
286 silly reify mark deleted [
286 silly reify   '/Users/avows/Documents/trial/webfolio/node_modules/@img/sharp-libvips-linux-riscv64'
286 silly reify ]
287 verbose reify failed optional dependency /Users/avows/Documents/trial/webfolio/node_modules/@next/swc-win32-x64-msvc
288 silly reify mark deleted [
288 silly reify   '/Users/avows/Documents/trial/webfolio/node_modules/@next/swc-win32-x64-msvc'
288 silly reify ]
289 verbose reify failed optional dependency /Users/avows/Documents/trial/webfolio/node_modules/@next/swc-win32-arm64-msvc
290 silly reify mark deleted [
290 silly reify   '/Users/avows/Documents/trial/webfolio/node_modules/@next/swc-win32-arm64-msvc'
290 silly reify ]
291 verbose reify failed optional dependency /Users/avows/Documents/trial/webfolio/node_modules/@next/swc-linux-x64-musl
292 silly reify mark deleted [
292 silly reify   '/Users/avows/Documents/trial/webfolio/node_modules/@next/swc-linux-x64-musl'
292 silly reify ]
293 verbose reify failed optional dependency /Users/avows/Documents/trial/webfolio/node_modules/@next/swc-linux-x64-gnu
294 silly reify mark deleted [
294 silly reify   '/Users/avows/Documents/trial/webfolio/node_modules/@next/swc-linux-x64-gnu'
294 silly reify ]
295 verbose reify failed optional dependency /Users/avows/Documents/trial/webfolio/node_modules/@next/swc-linux-arm64-musl
296 silly reify mark deleted [
296 silly reify   '/Users/avows/Documents/trial/webfolio/node_modules/@next/swc-linux-arm64-musl'
296 silly reify ]
297 verbose reify failed optional dependency /Users/avows/Documents/trial/webfolio/node_modules/@next/swc-linux-arm64-gnu
298 silly reify mark deleted [
298 silly reify   '/Users/avows/Documents/trial/webfolio/node_modules/@next/swc-linux-arm64-gnu'
298 silly reify ]
299 verbose reify failed optional dependency /Users/avows/Documents/trial/webfolio/node_modules/@next/swc-darwin-x64
300 silly reify mark deleted [
300 silly reify   '/Users/avows/Documents/trial/webfolio/node_modules/@next/swc-darwin-x64'
300 silly reify ]
301 verbose reify failed optional dependency /Users/avows/Documents/trial/webfolio/node_modules/@img/sharp-win32-x64
302 silly reify mark deleted [
302 silly reify   '/Users/avows/Documents/trial/webfolio/node_modules/@img/sharp-win32-x64'
302 silly reify ]
303 verbose reify failed optional dependency /Users/avows/Documents/trial/webfolio/node_modules/@img/sharp-win32-ia32
304 silly reify mark deleted [
304 silly reify   '/Users/avows/Documents/trial/webfolio/node_modules/@img/sharp-win32-ia32'
304 silly reify ]
305 verbose reify failed optional dependency /Users/avows/Documents/trial/webfolio/node_modules/@img/sharp-win32-arm64
306 silly reify mark deleted [
306 silly reify   '/Users/avows/Documents/trial/webfolio/node_modules/@img/sharp-win32-arm64'
306 silly reify ]
307 verbose reify failed optional dependency /Users/avows/Documents/trial/webfolio/node_modules/@img/sharp-wasm32
308 silly reify mark deleted [
308 silly reify   '/Users/avows/Documents/trial/webfolio/node_modules/@img/sharp-wasm32'
308 silly reify ]
309 verbose reify failed optional dependency /Users/avows/Documents/trial/webfolio/node_modules/@emnapi/runtime
310 silly reify mark deleted [
310 silly reify   '/Users/avows/Documents/trial/webfolio/node_modules/@emnapi/runtime'
310 silly reify ]
311 verbose reify failed optional dependency /Users/avows/Documents/trial/webfolio/node_modules/@img/sharp-linuxmusl-x64
312 silly reify mark deleted [
312 silly reify   '/Users/avows/Documents/trial/webfolio/node_modules/@img/sharp-linuxmusl-x64'
312 silly reify ]
313 verbose reify failed optional dependency /Users/avows/Documents/trial/webfolio/node_modules/@img/sharp-linuxmusl-arm64
314 silly reify mark deleted [
314 silly reify   '/Users/avows/Documents/trial/webfolio/node_modules/@img/sharp-linuxmusl-arm64'
314 silly reify ]
315 verbose reify failed optional dependency /Users/avows/Documents/trial/webfolio/node_modules/@img/sharp-linux-x64
316 silly reify mark deleted [
316 silly reify   '/Users/avows/Documents/trial/webfolio/node_modules/@img/sharp-linux-x64'
316 silly reify ]
317 verbose reify failed optional dependency /Users/avows/Documents/trial/webfolio/node_modules/@img/sharp-linux-s390x
318 silly reify mark deleted [
318 silly reify   '/Users/avows/Documents/trial/webfolio/node_modules/@img/sharp-linux-s390x'
318 silly reify ]
319 verbose reify failed optional dependency /Users/avows/Documents/trial/webfolio/node_modules/@img/sharp-linux-arm64
320 silly reify mark deleted [
320 silly reify   '/Users/avows/Documents/trial/webfolio/node_modules/@img/sharp-linux-arm64'
320 silly reify ]
321 verbose reify failed optional dependency /Users/avows/Documents/trial/webfolio/node_modules/@img/sharp-linux-arm
322 silly reify mark deleted [
322 silly reify   '/Users/avows/Documents/trial/webfolio/node_modules/@img/sharp-linux-arm'
322 silly reify ]
323 verbose reify failed optional dependency /Users/avows/Documents/trial/webfolio/node_modules/@img/sharp-libvips-linuxmusl-x64
324 silly reify mark deleted [
324 silly reify   '/Users/avows/Documents/trial/webfolio/node_modules/@img/sharp-libvips-linuxmusl-x64'
324 silly reify ]
325 verbose reify failed optional dependency /Users/avows/Documents/trial/webfolio/node_modules/@img/sharp-libvips-linuxmusl-arm64
326 silly reify mark deleted [
326 silly reify   '/Users/avows/Documents/trial/webfolio/node_modules/@img/sharp-libvips-linuxmusl-arm64'
326 silly reify ]
327 verbose reify failed optional dependency /Users/avows/Documents/trial/webfolio/node_modules/@img/sharp-libvips-linux-x64
328 silly reify mark deleted [
328 silly reify   '/Users/avows/Documents/trial/webfolio/node_modules/@img/sharp-libvips-linux-x64'
328 silly reify ]
329 verbose reify failed optional dependency /Users/avows/Documents/trial/webfolio/node_modules/@img/sharp-libvips-linux-s390x
330 silly reify mark deleted [
330 silly reify   '/Users/avows/Documents/trial/webfolio/node_modules/@img/sharp-libvips-linux-s390x'
330 silly reify ]
331 verbose reify failed optional dependency /Users/avows/Documents/trial/webfolio/node_modules/@img/sharp-libvips-linux-ppc64
332 silly reify mark deleted [
332 silly reify   '/Users/avows/Documents/trial/webfolio/node_modules/@img/sharp-libvips-linux-ppc64'
332 silly reify ]
333 verbose reify failed optional dependency /Users/avows/Documents/trial/webfolio/node_modules/@img/sharp-libvips-linux-arm64
334 silly reify mark deleted [
334 silly reify   '/Users/avows/Documents/trial/webfolio/node_modules/@img/sharp-libvips-linux-arm64'
334 silly reify ]
335 verbose reify failed optional dependency /Users/avows/Documents/trial/webfolio/node_modules/@img/sharp-libvips-linux-arm
336 silly reify mark deleted [
336 silly reify   '/Users/avows/Documents/trial/webfolio/node_modules/@img/sharp-libvips-linux-arm'
336 silly reify ]
337 verbose reify failed optional dependency /Users/avows/Documents/trial/webfolio/node_modules/@img/sharp-libvips-darwin-x64
338 silly reify mark deleted [
338 silly reify   '/Users/avows/Documents/trial/webfolio/node_modules/@img/sharp-libvips-darwin-x64'
338 silly reify ]
339 verbose reify failed optional dependency /Users/avows/Documents/trial/webfolio/node_modules/@img/sharp-darwin-x64
340 silly reify mark deleted [
340 silly reify   '/Users/avows/Documents/trial/webfolio/node_modules/@img/sharp-darwin-x64'
340 silly reify ]
341 http cache scheduler@https://registry.npmjs.org/scheduler/-/scheduler-0.27.0.tgz 0ms (cache hit)
342 http cache @img/colour@https://registry.npmjs.org/@img/colour/-/colour-1.0.0.tgz 0ms (cache hit)
343 http cache react-dom@https://registry.npmjs.org/react-dom/-/react-dom-19.2.3.tgz 0ms (cache hit)
344 http cache next@https://registry.npmjs.org/next/-/next-16.0.10.tgz 0ms (cache hit)
345 http cache sharp@https://registry.npmjs.org/sharp/-/sharp-0.34.5.tgz 0ms (cache hit)
346 http cache detect-libc@https://registry.npmjs.org/detect-libc/-/detect-libc-2.1.2.tgz 0ms (cache hit)
347 http cache react@https://registry.npmjs.org/react/-/react-19.2.3.tgz 0ms (cache hit)
348 http cache @next/env@https://registry.npmjs.org/@next/env/-/env-16.0.10.tgz 0ms (cache hit)
349 http cache @img/sharp-darwin-arm64@https://registry.npmjs.org/@img/sharp-darwin-arm64/-/sharp-darwin-arm64-0.34.5.tgz 0ms (cache hit)
350 http cache @img/sharp-libvips-darwin-arm64@https://registry.npmjs.org/@img/sharp-libvips-darwin-arm64/-/sharp-libvips-darwin-arm64-1.2.4.tgz 0ms (cache hit)
351 http cache @emnapi/runtime@https://registry.npmjs.org/@emnapi/runtime/-/runtime-1.7.1.tgz 0ms (cache hit)
352 http cache @next/swc-darwin-arm64@https://registry.npmjs.org/@next/swc-darwin-arm64/-/swc-darwin-arm64-16.0.10.tgz 0ms (cache hit)
353 http cache semver@https://registry.npmjs.org/semver/-/semver-7.7.3.tgz 0ms (cache hit)
354 silly tarball no local data for scheduler@https://registry.npmjs.org/scheduler/-/scheduler-0.27.0.tgz. Extracting by manifest.
355 silly tarball no local data for @img/colour@https://registry.npmjs.org/@img/colour/-/colour-1.0.0.tgz. Extracting by manifest.
356 silly tarball no local data for react-dom@https://registry.npmjs.org/react-dom/-/react-dom-19.2.3.tgz. Extracting by manifest.
357 silly tarball no local data for next@https://registry.npmjs.org/next/-/next-16.0.10.tgz. Extracting by manifest.
358 silly tarball no local data for sharp@https://registry.npmjs.org/sharp/-/sharp-0.34.5.tgz. Extracting by manifest.
359 silly tarball no local data for detect-libc@https://registry.npmjs.org/detect-libc/-/detect-libc-2.1.2.tgz. Extracting by manifest.
360 silly tarball no local data for react@https://registry.npmjs.org/react/-/react-19.2.3.tgz. Extracting by manifest.
361 silly tarball no local data for @next/env@https://registry.npmjs.org/@next/env/-/env-16.0.10.tgz. Extracting by manifest.
362 silly tarball no local data for @img/sharp-darwin-arm64@https://registry.npmjs.org/@img/sharp-darwin-arm64/-/sharp-darwin-arm64-0.34.5.tgz. Extracting by manifest.
363 silly tarball no local data for @img/sharp-libvips-darwin-arm64@https://registry.npmjs.org/@img/sharp-libvips-darwin-arm64/-/sharp-libvips-darwin-arm64-1.2.4.tgz. Extracting by manifest.
364 silly tarball no local data for @emnapi/runtime@https://registry.npmjs.org/@emnapi/runtime/-/runtime-1.7.1.tgz. Extracting by manifest.
365 silly tarball no local data for @next/swc-darwin-arm64@https://registry.npmjs.org/@next/swc-darwin-arm64/-/swc-darwin-arm64-16.0.10.tgz. Extracting by manifest.
366 silly tarball no local data for semver@https://registry.npmjs.org/semver/-/semver-7.7.3.tgz. Extracting by manifest.
367 http fetch GET 200 https://registry.npmjs.org/detect-libc/-/detect-libc-2.1.2.tgz 41ms (cache miss)
368 http fetch GET 200 https://registry.npmjs.org/scheduler/-/scheduler-0.27.0.tgz 44ms (cache miss)
369 http fetch GET 200 https://registry.npmjs.org/react/-/react-19.2.3.tgz 68ms (cache miss)
370 http fetch GET 200 https://registry.npmjs.org/@img/colour/-/colour-1.0.0.tgz 116ms (cache miss)
371 http fetch GET 200 https://registry.npmjs.org/sharp/-/sharp-0.34.5.tgz 182ms (cache miss)
372 http fetch GET 200 https://registry.npmjs.org/@emnapi/runtime/-/runtime-1.7.1.tgz 181ms (cache miss)
373 http fetch POST 200 https://registry.npmjs.org/-/npm/v1/security/advisories/bulk 237ms
374 silly audit report {
374 silly audit report   tmp: [
374 silly audit report     {
374 silly audit report       id: 1109537,
374 silly audit report       url: 'https://github.com/advisories/GHSA-52f5-9888-hmc6',
374 silly audit report       title: 'tmp allows arbitrary temporary file / directory write via symbolic link `dir` parameter',
374 silly audit report       severity: 'low',
374 silly audit report       vulnerable_versions: '<=0.2.3',
374 silly audit report       cwe: [Array],
374 silly audit report       cvss: [Object]
374 silly audit report     }
374 silly audit report   ]
374 silly audit report }
375 silly packumentCache corgi:https://registry.npmjs.org/tmp cache-miss
376 http fetch GET 200 https://registry.npmjs.org/react-dom/-/react-dom-19.2.3.tgz 242ms (cache miss)
377 http fetch GET 200 https://registry.npmjs.org/@img/sharp-darwin-arm64/-/sharp-darwin-arm64-0.34.5.tgz 251ms (cache miss)
378 http fetch GET 200 https://registry.npmjs.org/tmp 30ms (cache miss)
379 silly packumentCache corgi:https://registry.npmjs.org/tmp set size:undefined disposed:false
380 silly packumentCache corgi:https://registry.npmjs.org/patch-package cache-miss
381 http fetch GET 200 https://registry.npmjs.org/semver/-/semver-7.7.3.tgz 310ms (cache miss)
382 http fetch GET 200 https://registry.npmjs.org/patch-package 48ms (cache miss)
383 silly packumentCache corgi:https://registry.npmjs.org/patch-package set size:undefined disposed:false
384 http fetch GET 200 https://registry.npmjs.org/@next/env/-/env-16.0.10.tgz 333ms (cache miss)
385 http fetch GET 200 https://registry.npmjs.org/@img/sharp-libvips-darwin-arm64/-/sharp-libvips-darwin-arm64-1.2.4.tgz 1782ms (cache miss)
386 http fetch GET 200 https://registry.npmjs.org/next/-/next-16.0.10.tgz 6244ms (cache miss)
387 http fetch GET 200 https://registry.npmjs.org/@next/swc-darwin-arm64/-/swc-darwin-arm64-16.0.10.tgz 7372ms (cache miss)
388 info run sharp@0.34.5 install node_modules/sharp node install/check.js || npm run build
389 info run sharp@0.34.5 install { code: 0, signal: null }
390 silly ADD node_modules/@img/sharp-linux-riscv64
391 silly ADD node_modules/@img/sharp-linux-ppc64
392 silly ADD node_modules/@img/sharp-libvips-linux-riscv64
393 silly ADD node_modules/@img/colour
394 silly REMOVE node_modules/streamsearch
395 silly REMOVE node_modules/simple-swizzle
396 silly CHANGE node_modules/sharp
397 silly CHANGE node_modules/semver
398 silly CHANGE node_modules/scheduler
399 silly CHANGE node_modules/react-dom
400 silly CHANGE node_modules/react
401 silly CHANGE node_modules/next
402 silly REMOVE node_modules/is-arrayish
403 silly CHANGE node_modules/detect-libc
404 silly REMOVE node_modules/color-string
405 silly REMOVE node_modules/color
406 silly REMOVE node_modules/busboy
407 silly REMOVE node_modules/@swc/counter
408 silly CHANGE node_modules/@next/swc-win32-x64-msvc
409 silly CHANGE node_modules/@next/swc-win32-arm64-msvc
410 silly CHANGE node_modules/@next/swc-linux-x64-musl
411 silly CHANGE node_modules/@next/swc-linux-x64-gnu
412 silly CHANGE node_modules/@next/swc-linux-arm64-musl
413 silly CHANGE node_modules/@next/swc-linux-arm64-gnu
414 silly CHANGE node_modules/@next/swc-darwin-x64
415 silly CHANGE node_modules/@next/swc-darwin-arm64
416 silly CHANGE node_modules/@next/env
417 silly CHANGE node_modules/@img/sharp-win32-x64
418 silly CHANGE node_modules/@img/sharp-win32-ia32
419 silly CHANGE node_modules/@img/sharp-win32-arm64
420 silly CHANGE node_modules/@img/sharp-wasm32
421 silly CHANGE node_modules/@img/sharp-linuxmusl-x64
422 silly CHANGE node_modules/@img/sharp-linuxmusl-arm64
423 silly CHANGE node_modules/@img/sharp-linux-x64
424 silly CHANGE node_modules/@img/sharp-linux-s390x
425 silly CHANGE node_modules/@img/sharp-linux-arm64
426 silly CHANGE node_modules/@img/sharp-linux-arm
427 silly CHANGE node_modules/@img/sharp-libvips-linuxmusl-x64
428 silly CHANGE node_modules/@img/sharp-libvips-linuxmusl-arm64
429 silly CHANGE node_modules/@img/sharp-libvips-linux-x64
430 silly CHANGE node_modules/@img/sharp-libvips-linux-s390x
431 silly CHANGE node_modules/@img/sharp-libvips-linux-ppc64
432 silly CHANGE node_modules/@img/sharp-libvips-linux-arm64
433 silly CHANGE node_modules/@img/sharp-libvips-linux-arm
434 silly CHANGE node_modules/@img/sharp-libvips-darwin-x64
435 silly CHANGE node_modules/@img/sharp-libvips-darwin-arm64
436 silly CHANGE node_modules/@img/sharp-darwin-x64
437 silly CHANGE node_modules/@img/sharp-darwin-arm64
438 silly CHANGE node_modules/@emnapi/runtime
439 verbose cwd /Users/avows/Documents/trial/webfolio
440 verbose os Darwin 24.6.0
441 verbose node v24.4.1
442 verbose npm  v11.4.2
443 notice
443 notice New [33mminor[39m version of npm available! [33m11.4.2[39m -> [34m11.7.0[39m
443 notice Changelog: [34mhttps://github.com/npm/cli/releases/tag/v11.7.0[39m
443 notice To update run: [4mnpm install -g npm@11.7.0[24m
443 notice  { force: true, Symbol(proc-log.meta): true }
444 verbose exit 0
445 info ok
